<?xml version="1.0" encoding="UTF-8"?>
<!-- Generated by org.testng.reporters.JUnitXMLReporter -->
<testsuite ignored="0" hostname="LAPTOP-SHARIF" failures="0" tests="3" name="Default test" time="20.523" errors="0" timestamp="2022-03-30T12:28:29 EDT">
  <testcase classname="hw_18_selenium_method.HW_18_testURL_dropDown_selectBy_index_visibleText_value" name="selectByIndexTest" time="10.325"/>
  <testcase classname="hw_18_selenium_method.HW_18_testURL_dropDown_selectBy_index_visibleText_value" name="selectByVisibleTextTest" time="2.096"/>
  <testcase classname="hw_18_selenium_method.HW_18_testURL_dropDown_selectBy_index_visibleText_value" name="selectByValueTest" time="2.056"/>
</testsuite> <!-- Default test -->
